# Logfile created on Tue Oct 12 23:23:25 -0400 2010 by logger.rb
  [1m[36mSQL (0.2ms)[0m  [1mselect sqlite_version(*)[0m
  [1m[35mSQL (0.2ms)[0m   SELECT name
 FROM sqlite_master
 WHERE type = 'table' AND NOT name = 'sqlite_sequence'

  [1m[36mSQL (87.3ms)[0m  [1mCREATE TABLE "users" ("id" INTEGER PRIMARY KEY AUTOINCREMENT NOT NULL, "full_name" varchar(255), "email" varchar(255), "amount" decimal(10,2)) [0m
  [1m[35mSQL (0.1ms)[0m   SELECT name
 FROM sqlite_master
 WHERE type = 'table' AND NOT name = 'sqlite_sequence'

  [1m[36mSQL (82.5ms)[0m  [1mCREATE TABLE "articles" ("id" INTEGER PRIMARY KEY AUTOINCREMENT NOT NULL, "title" varchar(255), "content" varchar(255), "person_id" integer) [0m
  [1m[35mSQL (0.1ms)[0m   SELECT name
 FROM sqlite_master
 WHERE type = 'table' AND NOT name = 'sqlite_sequence'

  [1m[36mSQL (79.5ms)[0m  [1mCREATE TABLE "vehicles" ("id" INTEGER PRIMARY KEY AUTOINCREMENT NOT NULL, "year" integer, "model" varchar(255), "make" varchar(255), "person_id" integer) [0m
  [1m[35mSQL (0.1ms)[0m   SELECT name
 FROM sqlite_master
 WHERE type = 'table' AND NOT name = 'sqlite_sequence'

  [1m[36mSQL (52.5ms)[0m  [1mCREATE TABLE "schema_migrations" ("version" varchar(255) NOT NULL) [0m
  [1m[35mSQL (0.0ms)[0m  PRAGMA index_list("schema_migrations")
  [1m[36mSQL (79.2ms)[0m  [1mCREATE UNIQUE INDEX "unique_schema_migrations" ON "schema_migrations" ("version")[0m
  [1m[35mSQL (0.1ms)[0m   SELECT name
 FROM sqlite_master
 WHERE type = 'table' AND NOT name = 'sqlite_sequence'

  [1m[36mSQL (0.0ms)[0m  [1mSELECT version FROM "schema_migrations"[0m
  [1m[35mSQL (91.2ms)[0m  INSERT INTO "schema_migrations" (version) VALUES ('1')
  [1m[36mSQL (0.2ms)[0m  [1mselect sqlite_version(*)[0m
  [1m[35mSQL (0.3ms)[0m   SELECT name
 FROM sqlite_master
 WHERE type = 'table' AND NOT name = 'sqlite_sequence'

  [1m[36mSQL (111.9ms)[0m  [1mDROP TABLE "users"[0m
  [1m[35mSQL (83.1ms)[0m  CREATE TABLE "users" ("id" INTEGER PRIMARY KEY AUTOINCREMENT NOT NULL, "full_name" varchar(255), "email" varchar(255), "amount" decimal(10,2)) 
  [1m[36mSQL (0.1ms)[0m  [1m SELECT name
 FROM sqlite_master
 WHERE type = 'table' AND NOT name = 'sqlite_sequence'
[0m
  [1m[35mSQL (82.9ms)[0m  DROP TABLE "articles"
  [1m[36mSQL (91.5ms)[0m  [1mCREATE TABLE "articles" ("id" INTEGER PRIMARY KEY AUTOINCREMENT NOT NULL, "title" varchar(255), "content" varchar(255), "person_id" integer) [0m
  [1m[35mSQL (0.1ms)[0m   SELECT name
 FROM sqlite_master
 WHERE type = 'table' AND NOT name = 'sqlite_sequence'

  [1m[36mSQL (87.3ms)[0m  [1mDROP TABLE "vehicles"[0m
  [1m[35mSQL (74.8ms)[0m  CREATE TABLE "vehicles" ("id" INTEGER PRIMARY KEY AUTOINCREMENT NOT NULL, "year" integer, "model" varchar(255), "make" varchar(255), "person_id" integer) 
  [1m[36mSQL (0.1ms)[0m  [1m SELECT name
 FROM sqlite_master
 WHERE type = 'table' AND NOT name = 'sqlite_sequence'
[0m
  [1m[35mSQL (0.1ms)[0m  SELECT version FROM "schema_migrations"
